<?xml version="1.0" encoding="UTF-8"?>
<testng-results ignored="0" total="1" passed="1" failed="0" skipped="0">
  <reporter-output>
  </reporter-output>
  <suite started-at="2024-12-18T19:05:44 IST" name="Suite" finished-at="2024-12-18T19:06:01 IST" duration-ms="17053">
    <groups>
    </groups>
    <test started-at="2024-12-18T19:05:44 IST" name="Test" finished-at="2024-12-18T19:06:01 IST" duration-ms="17053">
      <class name="Module1_Login_Test.SwagLabsTest">
        <test-method is-config="true" signature="openBrowser()[pri:0, instance:Module1_Login_Test.SwagLabsTest@158d2680]" started-at="2024-12-18T19:05:44 IST" name="openBrowser" finished-at="2024-12-18T19:05:49 IST" duration-ms="4922" status="PASS">
          <reporter-output>
          </reporter-output>
        </test-method> <!-- openBrowser -->
        <test-method is-config="true" signature="loginToApp()[pri:0, instance:Module1_Login_Test.SwagLabsTest@158d2680]" started-at="2024-12-18T19:05:49 IST" name="loginToApp" finished-at="2024-12-18T19:05:53 IST" duration-ms="3940" status="PASS">
          <reporter-output>
          </reporter-output>
        </test-method> <!-- loginToApp -->
        <test-method signature="verifyLogoText()[pri:0, instance:Module1_Login_Test.SwagLabsTest@158d2680]" started-at="2024-12-18T19:05:53 IST" name="verifyLogoText" finished-at="2024-12-18T19:05:57 IST" duration-ms="4447" status="PASS">
          <reporter-output>
          </reporter-output>
        </test-method> <!-- verifyLogoText -->
        <test-method is-config="true" signature="logoutApp(org.testng.ITestResult)[pri:0, instance:Module1_Login_Test.SwagLabsTest@158d2680]" started-at="2024-12-18T19:05:57 IST" name="logoutApp" finished-at="2024-12-18T19:05:59 IST" duration-ms="1859" status="PASS">
          <params>
            <param index="0">
              <value>
                <![CDATA[[TestResult name=verifyLogoText status=SUCCESS method=SwagLabsTest.verifyLogoText()[pri:0, instance:Module1_Login_Test.SwagLabsTest@158d2680] output={null}]]]>
              </value>
            </param>
          </params>
          <reporter-output>
          </reporter-output>
        </test-method> <!-- logoutApp -->
        <test-method is-config="true" signature="closeBrowser()[pri:0, instance:Module1_Login_Test.SwagLabsTest@158d2680]" started-at="2024-12-18T19:05:59 IST" name="closeBrowser" finished-at="2024-12-18T19:06:01 IST" duration-ms="1776" status="PASS">
          <reporter-output>
          </reporter-output>
        </test-method> <!-- closeBrowser -->
      </class> <!-- Module1_Login_Test.SwagLabsTest -->
    </test> <!-- Test -->
  </suite> <!-- Suite -->
</testng-results>
