<?xml version="1.0" encoding="UTF-8"?>
<testng-results ignored="0" total="1" passed="1" failed="0" skipped="0">
  <reporter-output>
  </reporter-output>
  <suite started-at="2024-12-17T21:23:02 IST" name="Suite" finished-at="2024-12-17T21:23:17 IST" duration-ms="15141">
    <groups>
    </groups>
    <test started-at="2024-12-17T21:23:02 IST" name="Test" finished-at="2024-12-17T21:23:17 IST" duration-ms="15141">
      <class name="Module1_Login_Test.SwagLabsTest">
        <test-method is-config="true" signature="openBrowser()[pri:0, instance:Module1_Login_Test.SwagLabsTest@158d2680]" started-at="2024-12-17T21:23:02 IST" name="openBrowser" finished-at="2024-12-17T21:23:05 IST" duration-ms="3841" status="PASS">
          <reporter-output>
          </reporter-output>
        </test-method> <!-- openBrowser -->
        <test-method is-config="true" signature="loginToApp()[pri:0, instance:Module1_Login_Test.SwagLabsTest@158d2680]" started-at="2024-12-17T21:23:05 IST" name="loginToApp" finished-at="2024-12-17T21:23:09 IST" duration-ms="3589" status="PASS">
          <reporter-output>
          </reporter-output>
        </test-method> <!-- loginToApp -->
        <test-method signature="verifyLogoText()[pri:0, instance:Module1_Login_Test.SwagLabsTest@158d2680]" started-at="2024-12-17T21:23:09 IST" name="verifyLogoText" finished-at="2024-12-17T21:23:13 IST" duration-ms="4184" status="PASS">
          <reporter-output>
          </reporter-output>
        </test-method> <!-- verifyLogoText -->
        <test-method is-config="true" signature="logoutApp(org.testng.ITestResult)[pri:0, instance:Module1_Login_Test.SwagLabsTest@158d2680]" started-at="2024-12-17T21:23:13 IST" name="logoutApp" finished-at="2024-12-17T21:23:15 IST" duration-ms="1777" status="PASS">
          <params>
            <param index="0">
              <value>
                <![CDATA[[TestResult name=verifyLogoText status=SUCCESS method=SwagLabsTest.verifyLogoText()[pri:0, instance:Module1_Login_Test.SwagLabsTest@158d2680] output={null}]]]>
              </value>
            </param>
          </params>
          <reporter-output>
          </reporter-output>
        </test-method> <!-- logoutApp -->
        <test-method is-config="true" signature="closeBrowser()[pri:0, instance:Module1_Login_Test.SwagLabsTest@158d2680]" started-at="2024-12-17T21:23:15 IST" name="closeBrowser" finished-at="2024-12-17T21:23:17 IST" duration-ms="1696" status="PASS">
          <reporter-output>
          </reporter-output>
        </test-method> <!-- closeBrowser -->
      </class> <!-- Module1_Login_Test.SwagLabsTest -->
    </test> <!-- Test -->
  </suite> <!-- Suite -->
</testng-results>
