<?xml version="1.0" encoding="UTF-8"?>
<testng-results ignored="0" total="1" passed="1" failed="0" skipped="0">
  <reporter-output>
  </reporter-output>
  <suite started-at="2024-12-17T18:31:39 IST" name="Suite" finished-at="2024-12-17T18:31:56 IST" duration-ms="16476">
    <groups>
    </groups>
    <test started-at="2024-12-17T18:31:39 IST" name="Test" finished-at="2024-12-17T18:31:56 IST" duration-ms="16476">
      <class name="Module1_Login_Test.SwagLabsTest">
        <test-method is-config="true" signature="openBrowser()[pri:0, instance:Module1_Login_Test.SwagLabsTest@1cf6d1be]" started-at="2024-12-17T18:31:39 IST" name="openBrowser" finished-at="2024-12-17T18:31:43 IST" duration-ms="4078" status="PASS">
          <reporter-output>
          </reporter-output>
        </test-method> <!-- openBrowser -->
        <test-method is-config="true" signature="loginToApp()[pri:0, instance:Module1_Login_Test.SwagLabsTest@1cf6d1be]" started-at="2024-12-17T18:31:43 IST" name="loginToApp" finished-at="2024-12-17T18:31:48 IST" duration-ms="4078" status="PASS">
          <reporter-output>
          </reporter-output>
        </test-method> <!-- loginToApp -->
        <test-method signature="verifyLogoText()[pri:0, instance:Module1_Login_Test.SwagLabsTest@1cf6d1be]" started-at="2024-12-17T18:31:48 IST" name="verifyLogoText" finished-at="2024-12-17T18:31:52 IST" duration-ms="4660" status="PASS">
          <reporter-output>
          </reporter-output>
        </test-method> <!-- verifyLogoText -->
        <test-method is-config="true" signature="logoutApp(org.testng.ITestResult)[pri:0, instance:Module1_Login_Test.SwagLabsTest@1cf6d1be]" started-at="2024-12-17T18:31:52 IST" name="logoutApp" finished-at="2024-12-17T18:31:54 IST" duration-ms="1810" status="PASS">
          <params>
            <param index="0">
              <value>
                <![CDATA[[TestResult name=verifyLogoText status=SUCCESS method=SwagLabsTest.verifyLogoText()[pri:0, instance:Module1_Login_Test.SwagLabsTest@1cf6d1be] output={null}]]]>
              </value>
            </param>
          </params>
          <reporter-output>
          </reporter-output>
        </test-method> <!-- logoutApp -->
        <test-method is-config="true" signature="closeBrowser()[pri:0, instance:Module1_Login_Test.SwagLabsTest@1cf6d1be]" started-at="2024-12-17T18:31:54 IST" name="closeBrowser" finished-at="2024-12-17T18:31:56 IST" duration-ms="1779" status="PASS">
          <reporter-output>
          </reporter-output>
        </test-method> <!-- closeBrowser -->
      </class> <!-- Module1_Login_Test.SwagLabsTest -->
    </test> <!-- Test -->
  </suite> <!-- Suite -->
</testng-results>
